<?xml version="1.0" encoding="UTF-8"?>
<testng-results skipped="0" failed="0" ignored="0" total="2" passed="2">
  <reporter-output>
  </reporter-output>
  <suite name="All Test Suite" duration-ms="10711" started-at="2019-12-17T08:41:34Z" finished-at="2019-12-17T08:41:45Z">
    <groups>
    </groups>
    <test name="D:/workplace/Demo" duration-ms="10711" started-at="2019-12-17T08:41:34Z" finished-at="2019-12-17T08:41:45Z">
      <class name="login.Login">
        <test-method status="PASS" signature="testCase1()[pri:0, instance:login.Login@47fd17e3]" name="testCase1" duration-ms="10690" started-at="2019-12-17T16:41:34Z" finished-at="2019-12-17T16:41:45Z">
          <reporter-output>
          </reporter-output>
        </test-method> <!-- testCase1 -->
        <test-method status="PASS" signature="test2()[pri:0, instance:login.Login@47fd17e3]" name="test2" duration-ms="1" started-at="2019-12-17T16:41:45Z" finished-at="2019-12-17T16:41:45Z">
          <reporter-output>
          </reporter-output>
        </test-method> <!-- test2 -->
      </class> <!-- login.Login -->
    </test> <!-- D:/workplace/Demo -->
  </suite> <!-- All Test Suite -->
</testng-results>
